# JRE version: OpenJDK Runtime Environment (8.0_242-b01) (build 1.8.0_242-release-1644-b01)
# Java VM: OpenJDK 64-Bit Server VM (25.242-b01 mixed mode windows-amd64 compressed oops)
Heap:
 PSYoungGen      total 413184K, used 71394K [0x00000000e0000000, 0x00000000fed80000, 0x0000000100000000)
  eden space 329216K, 8% used [0x00000000e0000000,0x00000000e1a808c8,0x00000000f4180000)
  from space 83968K, 52% used [0x00000000f9b80000,0x00000000fc6b8258,0x00000000fed80000)
  to   space 88064K, 0% used [0x00000000f4180000,0x00000000f4180000,0x00000000f9780000)
 ParOldGen       total 475136K, used 71231K [0x00000000a0000000, 0x00000000bd000000, 0x00000000e0000000)
  object space 475136K, 14% used [0x00000000a0000000,0x00000000a458fc78,0x00000000bd000000)
 Metaspace       used 111347K, capacity 118330K, committed 122024K, reserved 1155072K
  class space    used 14001K, capacity 15390K, committed 15784K, reserved 1048576K
GC Heap History (10 events):
Event: 4891.998 GC heap before
{Heap before GC invocations=52 (full 6):
 PSYoungGen      total 417280K, used 332000K [0x00000000e0000000, 0x00000000fff00000, 0x0000000100000000)
  eden space 314880K, 100% used [0x00000000e0000000,0x00000000f3380000,0x00000000f3380000)
  from space 102400K, 16% used [0x00000000f3380000,0x00000000f4438020,0x00000000f9780000)
  to   space 101376K, 0% used [0x00000000f9c00000,0x00000000f9c00000,0x00000000fff00000)
 ParOldGen       total 475136K, used 71191K [0x00000000a0000000, 0x00000000bd000000, 0x00000000e0000000)
  object space 475136K, 14% used [0x00000000a0000000,0x00000000a4585c78,0x00000000bd000000)
 Metaspace       used 109701K, capacity 115824K, committed 121384K, reserved 1155072K
  class space    used 13831K, capacity 15108K, committed 15656K, reserved 1048576K
Event: 4892.117 GC heap after
Heap after GC invocations=52 (full 6):
 PSYoungGen      total 413696K, used 32178K [0x00000000e0000000, 0x00000000ff700000, 0x0000000100000000)
  eden space 320512K, 0% used [0x00000000e0000000,0x00000000e0000000,0x00000000f3900000)
  from space 93184K, 34% used [0x00000000f9c00000,0x00000000fbb6c9b0,0x00000000ff700000)
  to   space 97280K, 0% used [0x00000000f3900000,0x00000000f3900000,0x00000000f9800000)
 ParOldGen       total 475136K, used 71199K [0x00000000a0000000, 0x00000000bd000000, 0x00000000e0000000)
  object space 475136K, 14% used [0x00000000a0000000,0x00000000a4587c78,0x00000000bd000000)
 Metaspace       used 109701K, capacity 115824K, committed 121384K, reserved 1155072K
  class space    used 13831K, capacity 15108K, committed 15656K, reserved 1048576K
}
Event: 5114.192 GC heap before
{Heap before GC invocations=53 (full 6):
 PSYoungGen      total 413696K, used 352690K [0x00000000e0000000, 0x00000000ff700000, 0x0000000100000000)
  eden space 320512K, 100% used [0x00000000e0000000,0x00000000f3900000,0x00000000f3900000)
  from space 93184K, 34% used [0x00000000f9c00000,0x00000000fbb6c9b0,0x00000000ff700000)
  to   space 97280K, 0% used [0x00000000f3900000,0x00000000f3900000,0x00000000f9800000)
 ParOldGen       total 475136K, used 71199K [0x00000000a0000000, 0x00000000bd000000, 0x00000000e0000000)
  object space 475136K, 14% used [0x00000000a0000000,0x00000000a4587c78,0x00000000bd000000)
 Metaspace       used 109948K, capacity 116164K, committed 121384K, reserved 1155072K
  class space    used 13838K, capacity 15122K, committed 15656K, reserved 1048576K
Event: 5114.337 GC heap after
Heap after GC invocations=53 (full 6):
 PSYoungGen      total 417792K, used 32508K [0x00000000e0000000, 0x00000000ff480000, 0x0000000100000000)
  eden space 320512K, 0% used [0x00000000e0000000,0x00000000e0000000,0x00000000f3900000)
  from space 97280K, 33% used [0x00000000f3900000,0x00000000f58bf1e0,0x00000000f9800000)
  to   space 93184K, 0% used [0x00000000f9980000,0x00000000f9980000,0x00000000ff480000)
 ParOldGen       total 475136K, used 71207K [0x00000000a0000000, 0x00000000bd000000, 0x00000000e0000000)
  object space 475136K, 14% used [0x00000000a0000000,0x00000000a4589c78,0x00000000bd000000)
 Metaspace       used 109948K, capacity 116164K, committed 121384K, reserved 1155072K
  class space    used 13838K, capacity 15122K, committed 15656K, reserved 1048576K
}
Event: 5134.943 GC heap before
{Heap before GC invocations=54 (full 6):
 PSYoungGen      total 417792K, used 353020K [0x00000000e0000000, 0x00000000ff480000, 0x0000000100000000)
  eden space 320512K, 100% used [0x00000000e0000000,0x00000000f3900000,0x00000000f3900000)
  from space 97280K, 33% used [0x00000000f3900000,0x00000000f58bf1e0,0x00000000f9800000)
  to   space 93184K, 0% used [0x00000000f9980000,0x00000000f9980000,0x00000000ff480000)
 ParOldGen       total 475136K, used 71207K [0x00000000a0000000, 0x00000000bd000000, 0x00000000e0000000)
  object space 475136K, 14% used [0x00000000a0000000,0x00000000a4589c78,0x00000000bd000000)
 Metaspace       used 110067K, capacity 116238K, committed 121384K, reserved 1155072K
  class space    used 13849K, capacity 15137K, committed 15656K, reserved 1048576K
Event: 5135.241 GC heap after
Heap after GC invocations=54 (full 6):
 PSYoungGen      total 416768K, used 61855K [0x00000000e0000000, 0x00000000ffb00000, 0x0000000100000000)
  eden space 323584K, 0% used [0x00000000e0000000,0x00000000e0000000,0x00000000f3c00000)
  from space 93184K, 66% used [0x00000000f9980000,0x00000000fd5e7da8,0x00000000ff480000)
  to   space 95744K, 0% used [0x00000000f3c00000,0x00000000f3c00000,0x00000000f9980000)
 ParOldGen       total 475136K, used 71215K [0x00000000a0000000, 0x00000000bd000000, 0x00000000e0000000)
  object space 475136K, 14% used [0x00000000a0000000,0x00000000a458bc78,0x00000000bd000000)
 Metaspace       used 110067K, capacity 116238K, committed 121384K, reserved 1155072K
  class space    used 13849K, capacity 15137K, committed 15656K, reserved 1048576K
}
Event: 5736.328 GC heap before
{Heap before GC invocations=55 (full 6):
 PSYoungGen      total 416768K, used 385439K [0x00000000e0000000, 0x00000000ffb00000, 0x0000000100000000)
  eden space 323584K, 100% used [0x00000000e0000000,0x00000000f3c00000,0x00000000f3c00000)
  from space 93184K, 66% used [0x00000000f9980000,0x00000000fd5e7da8,0x00000000ff480000)
  to   space 95744K, 0% used [0x00000000f3c00000,0x00000000f3c00000,0x00000000f9980000)
 ParOldGen       total 475136K, used 71215K [0x00000000a0000000, 0x00000000bd000000, 0x00000000e0000000)
  object space 475136K, 14% used [0x00000000a0000000,0x00000000a458bc78,0x00000000bd000000)
 Metaspace       used 110610K, capacity 117320K, committed 121640K, reserved 1155072K
  class space    used 13934K, capacity 15294K, committed 15656K, reserved 1048576K
Event: 5736.838 GC heap after
Heap after GC invocations=55 (full 6):
 PSYoungGen      total 419328K, used 34196K [0x00000000e0000000, 0x00000000ff580000, 0x0000000100000000)
  eden space 323584K, 0% used [0x00000000e0000000,0x00000000e0000000,0x00000000f3c00000)
  from space 95744K, 35% used [0x00000000f3c00000,0x00000000f5d65388,0x00000000f9980000)
  to   space 92160K, 0% used [0x00000000f9b80000,0x00000000f9b80000,0x00000000ff580000)
 ParOldGen       total 475136K, used 71223K [0x00000000a0000000, 0x00000000bd000000, 0x00000000e0000000)
  object space 475136K, 14% used [0x00000000a0000000,0x00000000a458dc78,0x00000000bd000000)
 Metaspace       used 110610K, capacity 117320K, committed 121640K, reserved 1155072K
  class space    used 13934K, capacity 15294K, committed 15656K, reserved 1048576K
}
Event: 5765.699 GC heap before
{Heap before GC invocations=56 (full 6):
 PSYoungGen      total 419328K, used 357780K [0x00000000e0000000, 0x00000000ff580000, 0x0000000100000000)
  eden space 323584K, 100% used [0x00000000e0000000,0x00000000f3c00000,0x00000000f3c00000)
  from space 95744K, 35% used [0x00000000f3c00000,0x00000000f5d65388,0x00000000f9980000)
  to   space 92160K, 0% used [0x00000000f9b80000,0x00000000f9b80000,0x00000000ff580000)
 ParOldGen       total 475136K, used 71223K [0x00000000a0000000, 0x00000000bd000000, 0x00000000e0000000)
  object space 475136K, 14% used [0x00000000a0000000,0x00000000a458dc78,0x00000000bd000000)
 Metaspace       used 111228K, capacity 118144K, committed 121896K, reserved 1155072K
  class space    used 13991K, capacity 15376K, committed 15656K, reserved 1048576K
Event: 5765.873 GC heap after
Heap after GC invocations=56 (full 6):
 PSYoungGen      total 413184K, used 44256K [0x00000000e0000000, 0x00000000fed80000, 0x0000000100000000)
  eden space 329216K, 0% used [0x00000000e0000000,0x00000000e0000000,0x00000000f4180000)
  from space 83968K, 52% used [0x00000000f9b80000,0x00000000fc6b8258,0x00000000fed80000)
  to   space 88064K, 0% used [0x00000000f4180000,0x00000000f4180000,0x00000000f9780000)
 ParOldGen       total 475136K, used 71231K [0x00000000a0000000, 0x00000000bd000000, 0x00000000e0000000)
  object space 475136K, 14% used [0x00000000a0000000,0x00000000a458fc78,0x00000000bd000000)
 Metaspace       used 111228K, capacity 118144K, committed 121896K, reserved 1155072K
  class space    used 13991K, capacity 15376K, committed 15656K, reserved 1048576K
}

