# JRE version: OpenJDK Runtime Environment (8.0_242-b01) (build 1.8.0_242-release-1644-b01)
# Java VM: OpenJDK 64-Bit Server VM (25.242-b01 mixed mode windows-amd64 compressed oops)
Heap:
 PSYoungGen      total 225280K, used 180912K [0x00000000e0000000, 0x00000000f0f00000, 0x0000000100000000)
  eden space 182272K, 94% used [0x00000000e0000000,0x00000000ea8153f0,0x00000000eb200000)
  from space 43008K, 20% used [0x00000000ee500000,0x00000000eed96ef0,0x00000000f0f00000)
  to   space 47616K, 0% used [0x00000000eb200000,0x00000000eb200000,0x00000000ee080000)
 ParOldGen       total 246272K, used 139247K [0x00000000a0000000, 0x00000000af080000, 0x00000000e0000000)
  object space 246272K, 56% used [0x00000000a0000000,0x00000000a87fbd58,0x00000000af080000)
 Metaspace       used 93560K, capacity 97766K, committed 97920K, reserved 1134592K
  class space    used 11941K, capacity 12907K, committed 12928K, reserved 1048576K
GC Heap History (10 events):
Event: 1065.215 GC heap before
{Heap before GC invocations=22 (full 3):
 PSYoungGen      total 197632K, used 197623K [0x00000000e0000000, 0x00000000eef00000, 0x0000000100000000)
  eden space 179200K, 100% used [0x00000000e0000000,0x00000000eaf00000,0x00000000eaf00000)
  from space 18432K, 99% used [0x00000000edd00000,0x00000000eeefdee8,0x00000000eef00000)
  to   space 22528K, 0% used [0x00000000ec300000,0x00000000ec300000,0x00000000ed900000)
 ParOldGen       total 110080K, used 59743K [0x00000000a0000000, 0x00000000a6b80000, 0x00000000e0000000)
  object space 110080K, 54% used [0x00000000a0000000,0x00000000a3a57ed0,0x00000000a6b80000)
 Metaspace       used 86440K, capacity 90562K, committed 90752K, reserved 1128448K
  class space    used 11210K, capacity 12107K, committed 12160K, reserved 1048576K
Event: 1065.294 GC heap after
Heap after GC invocations=22 (full 3):
 PSYoungGen      total 195584K, used 22500K [0x00000000e0000000, 0x00000000ee600000, 0x0000000100000000)
  eden space 173056K, 0% used [0x00000000e0000000,0x00000000e0000000,0x00000000ea900000)
  from space 22528K, 99% used [0x00000000ec300000,0x00000000ed8f90c0,0x00000000ed900000)
  to   space 13312K, 0% used [0x00000000ed900000,0x00000000ed900000,0x00000000ee600000)
 ParOldGen       total 110080K, used 75435K [0x00000000a0000000, 0x00000000a6b80000, 0x00000000e0000000)
  object space 110080K, 68% used [0x00000000a0000000,0x00000000a49aae08,0x00000000a6b80000)
 Metaspace       used 86440K, capacity 90562K, committed 90752K, reserved 1128448K
  class space    used 11210K, capacity 12107K, committed 12160K, reserved 1048576K
}
Event: 1074.326 GC heap before
{Heap before GC invocations=23 (full 3):
 PSYoungGen      total 195584K, used 183885K [0x00000000e0000000, 0x00000000ee600000, 0x0000000100000000)
  eden space 173056K, 93% used [0x00000000e0000000,0x00000000e9d9a670,0x00000000ea900000)
  from space 22528K, 99% used [0x00000000ec300000,0x00000000ed8f90c0,0x00000000ed900000)
  to   space 13312K, 0% used [0x00000000ed900000,0x00000000ed900000,0x00000000ee600000)
 ParOldGen       total 110080K, used 91819K [0x00000000a0000000, 0x00000000a6b80000, 0x00000000e0000000)
  object space 110080K, 83% used [0x00000000a0000000,0x00000000a59aae18,0x00000000a6b80000)
 Metaspace       used 89624K, capacity 93852K, committed 94208K, reserved 1130496K
  class space    used 11502K, capacity 12428K, committed 12544K, reserved 1048576K
Event: 1074.458 GC heap after
Heap after GC invocations=23 (full 3):
 PSYoungGen      total 180224K, used 13280K [0x00000000e0000000, 0x00000000efc00000, 0x0000000100000000)
  eden space 166912K, 0% used [0x00000000e0000000,0x00000000e0000000,0x00000000ea300000)
  from space 13312K, 99% used [0x00000000ed900000,0x00000000ee5f81d0,0x00000000ee600000)
  to   space 45568K, 0% used [0x00000000ea300000,0x00000000ea300000,0x00000000ecf80000)
 ParOldGen       total 137216K, used 135963K [0x00000000a0000000, 0x00000000a8600000, 0x00000000e0000000)
  object space 137216K, 99% used [0x00000000a0000000,0x00000000a84c6e08,0x00000000a8600000)
 Metaspace       used 89624K, capacity 93852K, committed 94208K, reserved 1130496K
  class space    used 11502K, capacity 12428K, committed 12544K, reserved 1048576K
}
Event: 1074.458 GC heap before
{Heap before GC invocations=24 (full 4):
 PSYoungGen      total 180224K, used 13280K [0x00000000e0000000, 0x00000000efc00000, 0x0000000100000000)
  eden space 166912K, 0% used [0x00000000e0000000,0x00000000e0000000,0x00000000ea300000)
  from space 13312K, 99% used [0x00000000ed900000,0x00000000ee5f81d0,0x00000000ee600000)
  to   space 45568K, 0% used [0x00000000ea300000,0x00000000ea300000,0x00000000ecf80000)
 ParOldGen       total 137216K, used 135963K [0x00000000a0000000, 0x00000000a8600000, 0x00000000e0000000)
  object space 137216K, 99% used [0x00000000a0000000,0x00000000a84c6e08,0x00000000a8600000)
 Metaspace       used 89624K, capacity 93852K, committed 94208K, reserved 1130496K
  class space    used 11502K, capacity 12428K, committed 12544K, reserved 1048576K
Event: 1075.292 GC heap after
Heap after GC invocations=24 (full 4):
 PSYoungGen      total 180224K, used 0K [0x00000000e0000000, 0x00000000efc00000, 0x0000000100000000)
  eden space 166912K, 0% used [0x00000000e0000000,0x00000000e0000000,0x00000000ea300000)
  from space 13312K, 0% used [0x00000000ed900000,0x00000000ed900000,0x00000000ee600000)
  to   space 45568K, 0% used [0x00000000ea300000,0x00000000ea300000,0x00000000ecf80000)
 ParOldGen       total 246272K, used 122773K [0x00000000a0000000, 0x00000000af080000, 0x00000000e0000000)
  object space 246272K, 49% used [0x00000000a0000000,0x00000000a77e54d8,0x00000000af080000)
 Metaspace       used 89421K, capacity 93324K, committed 94208K, reserved 1130496K
  class space    used 11438K, capacity 12328K, committed 12544K, reserved 1048576K
}
Event: 1078.056 GC heap before
{Heap before GC invocations=25 (full 4):
 PSYoungGen      total 180224K, used 166912K [0x00000000e0000000, 0x00000000efc00000, 0x0000000100000000)
  eden space 166912K, 100% used [0x00000000e0000000,0x00000000ea300000,0x00000000ea300000)
  from space 13312K, 0% used [0x00000000ed900000,0x00000000ed900000,0x00000000ee600000)
  to   space 45568K, 0% used [0x00000000ea300000,0x00000000ea300000,0x00000000ecf80000)
 ParOldGen       total 246272K, used 122847K [0x00000000a0000000, 0x00000000af080000, 0x00000000e0000000)
  object space 246272K, 49% used [0x00000000a0000000,0x00000000a77f7d48,0x00000000af080000)
 Metaspace       used 89466K, capacity 93330K, committed 94208K, reserved 1130496K
  class space    used 11440K, capacity 12329K, committed 12544K, reserved 1048576K
Event: 1078.067 GC heap after
Heap after GC invocations=25 (full 4):
 PSYoungGen      total 212480K, used 33384K [0x00000000e0000000, 0x00000000f1480000, 0x0000000100000000)
  eden space 166912K, 0% used [0x00000000e0000000,0x00000000e0000000,0x00000000ea300000)
  from space 45568K, 73% used [0x00000000ea300000,0x00000000ec39a070,0x00000000ecf80000)
  to   space 48640K, 0% used [0x00000000ee500000,0x00000000ee500000,0x00000000f1480000)
 ParOldGen       total 246272K, used 139239K [0x00000000a0000000, 0x00000000af080000, 0x00000000e0000000)
  object space 246272K, 56% used [0x00000000a0000000,0x00000000a87f9d58,0x00000000af080000)
 Metaspace       used 89466K, capacity 93330K, committed 94208K, reserved 1130496K
  class space    used 11440K, capacity 12329K, committed 12544K, reserved 1048576K
}
Event: 1508.652 GC heap before
{Heap before GC invocations=26 (full 4):
 PSYoungGen      total 212480K, used 200296K [0x00000000e0000000, 0x00000000f1480000, 0x0000000100000000)
  eden space 166912K, 100% used [0x00000000e0000000,0x00000000ea300000,0x00000000ea300000)
  from space 45568K, 73% used [0x00000000ea300000,0x00000000ec39a070,0x00000000ecf80000)
  to   space 48640K, 0% used [0x00000000ee500000,0x00000000ee500000,0x00000000f1480000)
 ParOldGen       total 246272K, used 139239K [0x00000000a0000000, 0x00000000af080000, 0x00000000e0000000)
  object space 246272K, 56% used [0x00000000a0000000,0x00000000a87f9d58,0x00000000af080000)
 Metaspace       used 93279K, capacity 97282K, committed 97664K, reserved 1134592K
  class space    used 11908K, capacity 12833K, committed 12928K, reserved 1048576K
Event: 1508.670 GC heap after
Heap after GC invocations=26 (full 4):
 PSYoungGen      total 225280K, used 8795K [0x00000000e0000000, 0x00000000f0f00000, 0x0000000100000000)
  eden space 182272K, 0% used [0x00000000e0000000,0x00000000e0000000,0x00000000eb200000)
  from space 43008K, 20% used [0x00000000ee500000,0x00000000eed96ef0,0x00000000f0f00000)
  to   space 47616K, 0% used [0x00000000eb200000,0x00000000eb200000,0x00000000ee080000)
 ParOldGen       total 246272K, used 139247K [0x00000000a0000000, 0x00000000af080000, 0x00000000e0000000)
  object space 246272K, 56% used [0x00000000a0000000,0x00000000a87fbd58,0x00000000af080000)
 Metaspace       used 93279K, capacity 97282K, committed 97664K, reserved 1134592K
  class space    used 11908K, capacity 12833K, committed 12928K, reserved 1048576K
}

